Log testi: 2025-06-11T19:35:46.935345
2025-06-11 19:35:46,939 - INFO - Flask logging başlatıldı
2025-06-11 19:36:31,867 - INFO - Attempting to process file: C:\Users\mhmtm\Desktop\project\Project\master\uploads\processed_data (1).csv with extension: .csv
2025-06-11 19:36:31,887 - INFO - Eski işlenmiş dosya başarıyla silindi: C:\Users\mhmtm\Desktop\project\Project\master\app/static/temp\processed_data.csv
2025-06-11 19:36:32,479 - INFO - Dosya başarıyla okundu: C:\Users\mhmtm\Desktop\project\Project\master\uploads\processed_data (1).csv (format: .csv)
2025-06-11 19:36:33,920 - INFO - State machine işlemi tamamlandı. İşlenmiş veri şuraya kaydedilmeli: C:\Users\mhmtm\Desktop\project\Project\master\app/static/temp\processed_data.csv
2025-06-11 19:37:11,826 - INFO - Attempting to process file: C:\Users\mhmtm\Desktop\project\Project\master\uploads\processed_data (1).csv with extension: .csv
2025-06-11 19:37:11,831 - INFO - Eski işlenmiş dosya başarıyla silindi: C:\Users\mhmtm\Desktop\project\Project\master\app/static/temp\processed_data.csv
2025-06-11 19:37:12,362 - INFO - Dosya başarıyla okundu: C:\Users\mhmtm\Desktop\project\Project\master\uploads\processed_data (1).csv (format: .csv)
2025-06-11 19:37:13,486 - INFO - State machine işlemi tamamlandı. İşlenmiş veri şuraya kaydedilmeli: C:\Users\mhmtm\Desktop\project\Project\master\app/static/temp\processed_data.csv
2025-06-11 19:37:49,018 - INFO - Attempting to process file: C:\Users\mhmtm\Desktop\project\Project\master\uploads\processed_data (1).csv with extension: .csv
2025-06-11 19:37:49,027 - INFO - Eski işlenmiş dosya başarıyla silindi: C:\Users\mhmtm\Desktop\project\Project\master\app/static/temp\processed_data.csv
2025-06-11 19:37:49,583 - INFO - Dosya başarıyla okundu: C:\Users\mhmtm\Desktop\project\Project\master\uploads\processed_data (1).csv (format: .csv)
2025-06-11 19:37:50,758 - INFO - State machine işlemi tamamlandı. İşlenmiş veri şuraya kaydedilmeli: C:\Users\mhmtm\Desktop\project\Project\master\app/static/temp\processed_data.csv
2025-06-11 19:38:43,793 - INFO - Attempting to process file: C:\Users\mhmtm\Desktop\project\Project\master\uploads\processed_data (1).csv with extension: .csv
2025-06-11 19:38:43,804 - INFO - Eski işlenmiş dosya başarıyla silindi: C:\Users\mhmtm\Desktop\project\Project\master\app/static/temp\processed_data.csv
2025-06-11 19:38:44,524 - INFO - Dosya başarıyla okundu: C:\Users\mhmtm\Desktop\project\Project\master\uploads\processed_data (1).csv (format: .csv)
2025-06-11 19:38:45,942 - INFO - State machine işlemi tamamlandı. İşlenmiş veri şuraya kaydedilmeli: C:\Users\mhmtm\Desktop\project\Project\master\app/static/temp\processed_data.csv
2025-06-11 19:39:19,933 - INFO - Attempting to process file: C:\Users\mhmtm\Desktop\project\Project\master\uploads\processed_data (1).csv with extension: .csv
2025-06-11 19:39:19,954 - INFO - Eski işlenmiş dosya başarıyla silindi: C:\Users\mhmtm\Desktop\project\Project\master\app/static/temp\processed_data.csv
2025-06-11 19:39:20,681 - INFO - Dosya başarıyla okundu: C:\Users\mhmtm\Desktop\project\Project\master\uploads\processed_data (1).csv (format: .csv)
2025-06-11 19:39:21,820 - INFO - State machine işlemi tamamlandı. İşlenmiş veri şuraya kaydedilmeli: C:\Users\mhmtm\Desktop\project\Project\master\app/static/temp\processed_data.csv
2025-06-11 19:40:08,276 - INFO - Attempting to process file: C:\Users\mhmtm\Desktop\project\Project\master\uploads\processed_data (2).csv with extension: .csv
2025-06-11 19:40:08,285 - INFO - Eski işlenmiş dosya başarıyla silindi: C:\Users\mhmtm\Desktop\project\Project\master\app/static/temp\processed_data.csv
2025-06-11 19:40:08,289 - INFO - Dosya başarıyla okundu: C:\Users\mhmtm\Desktop\project\Project\master\uploads\processed_data (2).csv (format: .csv)
2025-06-11 19:40:13,341 - INFO - State machine işlemi tamamlandı. İşlenmiş veri şuraya kaydedilmeli: C:\Users\mhmtm\Desktop\project\Project\master\app/static/temp\processed_data.csv
2025-06-11 20:07:24,734 - INFO - Attempting to process file: C:\Users\mhmtm\Desktop\project\Project\master\uploads\processed_data (2).csv with extension: .csv
2025-06-11 20:07:24,738 - INFO - Eski işlenmiş dosya başarıyla silindi: C:\Users\mhmtm\Desktop\project\Project\master\app/static/temp\processed_data.csv
2025-06-11 20:07:24,798 - INFO - Dosya başarıyla okundu: C:\Users\mhmtm\Desktop\project\Project\master\uploads\processed_data (2).csv (format: .csv)
2025-06-11 20:07:25,097 - INFO - State machine işlemi tamamlandı. İşlenmiş veri şuraya kaydedilmeli: C:\Users\mhmtm\Desktop\project\Project\master\app/static/temp\processed_data.csv
2025-06-11 20:07:27,762 - INFO - Attempting to process file: C:\Users\mhmtm\Desktop\project\Project\master\uploads\processed_data (2).csv with extension: .csv
2025-06-11 20:07:27,768 - INFO - Eski işlenmiş dosya başarıyla silindi: C:\Users\mhmtm\Desktop\project\Project\master\app/static/temp\processed_data.csv
2025-06-11 20:07:27,784 - INFO - Dosya başarıyla okundu: C:\Users\mhmtm\Desktop\project\Project\master\uploads\processed_data (2).csv (format: .csv)
2025-06-11 20:07:28,051 - INFO - State machine işlemi tamamlandı. İşlenmiş veri şuraya kaydedilmeli: C:\Users\mhmtm\Desktop\project\Project\master\app/static/temp\processed_data.csv
2025-06-11 20:37:37,953 - INFO - Attempting to process file: C:\Users\mhmtm\Desktop\project\Project\master\uploads\processed_data (1).csv with extension: .csv
2025-06-11 20:37:37,974 - INFO - Eski işlenmiş dosya başarıyla silindi: C:\Users\mhmtm\Desktop\project\Project\master\app/static/temp\processed_data.csv
2025-06-11 20:37:39,002 - INFO - Dosya başarıyla okundu: C:\Users\mhmtm\Desktop\project\Project\master\uploads\processed_data (1).csv (format: .csv)
2025-06-11 20:37:41,534 - INFO - State machine işlemi tamamlandı. İşlenmiş veri şuraya kaydedilmeli: C:\Users\mhmtm\Desktop\project\Project\master\app/static/temp\processed_data.csv
2025-06-11 20:37:54,783 - INFO - Attempting to process file: C:\Users\mhmtm\Desktop\project\Project\master\uploads\processed_data (1).csv with extension: .csv
2025-06-11 20:37:54,789 - INFO - Eski işlenmiş dosya başarıyla silindi: C:\Users\mhmtm\Desktop\project\Project\master\app/static/temp\processed_data.csv
2025-06-11 20:37:55,516 - INFO - Dosya başarıyla okundu: C:\Users\mhmtm\Desktop\project\Project\master\uploads\processed_data (1).csv (format: .csv)
2025-06-11 20:37:57,428 - INFO - State machine işlemi tamamlandı. İşlenmiş veri şuraya kaydedilmeli: C:\Users\mhmtm\Desktop\project\Project\master\app/static/temp\processed_data.csv
2025-06-11 20:38:22,851 - INFO - Attempting to process file: C:\Users\mhmtm\Desktop\project\Project\master\uploads\processed_data (1).csv with extension: .csv
2025-06-11 20:38:22,852 - INFO - Received processes: [{'name': 'LowercaseColumns'}, {'name': 'DeleteDupValues'}, {'name': 'RemoveConstantColumns'}, {'name': 'detectAndDeleteOutliers'}]
2025-06-11 20:38:22,858 - INFO - Eski işlenmiş dosya başarıyla silindi: C:\Users\mhmtm\Desktop\project\Project\master\app/static/temp\processed_data.csv
2025-06-11 20:38:23,393 - INFO - Dosya başarıyla okundu: C:\Users\mhmtm\Desktop\project\Project\master\uploads\processed_data (1).csv (format: .csv)
2025-06-11 20:38:26,065 - INFO - State machine işlemi tamamlandı. İşlenmiş veri şuraya kaydedilmeli: C:\Users\mhmtm\Desktop\project\Project\master\app/static/temp\processed_data.csv
2025-06-11 20:38:42,487 - INFO - Attempting to process file: C:\Users\mhmtm\Desktop\project\Project\master\uploads\processed_data (1).csv with extension: .csv
2025-06-11 20:38:42,488 - INFO - Received processes: [{'name': 'LowercaseColumns'}, {'name': 'DeleteDupValues'}, {'name': 'RemoveConstantColumns'}, {'name': 'detectAndDeleteOutliers'}]
2025-06-11 20:38:42,493 - INFO - Eski işlenmiş dosya başarıyla silindi: C:\Users\mhmtm\Desktop\project\Project\master\app/static/temp\processed_data.csv
2025-06-11 20:38:43,100 - INFO - Dosya başarıyla okundu: C:\Users\mhmtm\Desktop\project\Project\master\uploads\processed_data (1).csv (format: .csv)
2025-06-11 20:38:46,105 - INFO - State machine işlemi tamamlandı. İşlenmiş veri şuraya kaydedilmeli: C:\Users\mhmtm\Desktop\project\Project\master\app/static/temp\processed_data.csv
