2025-06-20 18:46:28,112 - INFO - State Machine initialized. Mode: visualize_only, Save Path: C:\Users\mhmtm\Desktop\project\Project\master\app/static/temp\processed_data.csv
2025-06-20 18:46:28,138 - INFO - Loading data...
2025-06-20 18:46:28,139 - INFO - Transitioning from INITIAL to VISUALIZATION
2025-06-20 18:46:28,140 - INFO - Entering VISUALIZATION state...
2025-06-20 18:46:30,116 - INFO - Transitioning from VISUALIZATION to FINAL
2025-06-20 18:46:30,118 - INFO - Finalizing data processing...
2025-06-20 18:46:30,190 - INFO - Processed data saved to C:\Users\mhmtm\Desktop\project\Project\master\app/static/temp\processed_data.csv
2025-06-20 18:46:30,191 - INFO - Transitioning from FINAL to COMPLETE
2025-06-20 18:46:30,191 - INFO - State machine finished. No further processing.
2025-06-20 18:46:30,191 - INFO - Redis flag set: state_machine:complete = 1
2025-06-20 18:51:34,463 - INFO - State Machine initialized. Mode: visualize_only, Save Path: C:\Users\mhmtm\Desktop\project\Project\master\app/static/temp\processed_data.csv
2025-06-20 18:51:34,465 - INFO - Loading data...
2025-06-20 18:51:34,465 - INFO - Transitioning from INITIAL to VISUALIZATION
2025-06-20 18:51:34,466 - INFO - Entering VISUALIZATION state...
2025-06-20 18:51:34,828 - INFO - Transitioning from VISUALIZATION to FINAL
2025-06-20 18:51:34,829 - INFO - Finalizing data processing...
2025-06-20 18:51:34,907 - INFO - Processed data saved to C:\Users\mhmtm\Desktop\project\Project\master\app/static/temp\processed_data.csv
2025-06-20 18:51:34,908 - INFO - Transitioning from FINAL to COMPLETE
2025-06-20 18:51:34,908 - INFO - State machine finished. No further processing.
2025-06-20 18:51:34,909 - INFO - Redis flag set: state_machine:complete = 1
2025-06-20 18:56:50,830 - INFO - State Machine initialized. Mode: visualize_only, Save Path: C:\Users\mhmtm\Desktop\project\Project\master\app/static/temp\processed_data.csv
2025-06-20 18:56:50,831 - INFO - Loading data...
2025-06-20 18:56:50,831 - INFO - Transitioning from INITIAL to VISUALIZATION
2025-06-20 18:56:50,831 - INFO - Entering VISUALIZATION state...
2025-06-20 18:56:51,144 - INFO - Transitioning from VISUALIZATION to FINAL
2025-06-20 18:56:51,145 - INFO - Finalizing data processing...
2025-06-20 18:56:51,214 - INFO - Processed data saved to C:\Users\mhmtm\Desktop\project\Project\master\app/static/temp\processed_data.csv
2025-06-20 18:56:51,215 - INFO - Transitioning from FINAL to COMPLETE
2025-06-20 18:56:51,215 - INFO - State machine finished. No further processing.
2025-06-20 18:56:51,216 - INFO - Redis flag set: state_machine:complete = 1
2025-06-20 19:07:40,410 - INFO - State Machine initialized. Mode: visualize_only, Save Path: C:\Users\mhmtm\Desktop\project\Project\master\app/static/temp\processed_data.csv
2025-06-20 19:07:40,414 - INFO - Loading data...
2025-06-20 19:07:40,415 - INFO - Transitioning from INITIAL to VISUALIZATION
2025-06-20 19:07:40,418 - INFO - Entering VISUALIZATION state...
2025-06-20 19:07:40,701 - INFO - Transitioning from VISUALIZATION to FINAL
2025-06-20 19:07:40,702 - INFO - Finalizing data processing...
2025-06-20 19:07:40,772 - INFO - Processed data saved to C:\Users\mhmtm\Desktop\project\Project\master\app/static/temp\processed_data.csv
2025-06-20 19:07:40,772 - INFO - Transitioning from FINAL to COMPLETE
2025-06-20 19:07:40,772 - INFO - State machine finished. No further processing.
2025-06-20 19:07:40,773 - INFO - Redis flag set: state_machine:complete = 1
2025-06-20 19:07:51,206 - INFO - State Machine initialized. Mode: visualize_only, Save Path: C:\Users\mhmtm\Desktop\project\Project\master\app/static/temp\processed_data.csv
2025-06-20 19:07:51,208 - INFO - Loading data...
2025-06-20 19:07:51,208 - INFO - Transitioning from INITIAL to VISUALIZATION
2025-06-20 19:07:51,208 - INFO - Entering VISUALIZATION state...
2025-06-20 19:07:51,461 - INFO - Transitioning from VISUALIZATION to FINAL
2025-06-20 19:07:51,463 - INFO - Finalizing data processing...
2025-06-20 19:07:51,537 - INFO - Processed data saved to C:\Users\mhmtm\Desktop\project\Project\master\app/static/temp\processed_data.csv
2025-06-20 19:07:51,538 - INFO - Transitioning from FINAL to COMPLETE
2025-06-20 19:07:51,538 - INFO - State machine finished. No further processing.
2025-06-20 19:07:51,539 - INFO - Redis flag set: state_machine:complete = 1
