2025-06-01 16:39:57,996 - INFO - State Machine initialized. Mode: visualize_only, Save Path: C:\Users\mhmtm\Desktop\project\Project\master\app/static/temp\processed_data.csv
2025-06-01 16:39:57,999 - INFO - Loading data...
2025-06-01 16:39:57,999 - INFO - Transitioning from INITIAL to VISUALIZATION
2025-06-01 16:39:57,999 - INFO - Entering VISUALIZATION state...
2025-06-01 16:40:00,367 - INFO - Transitioning from VISUALIZATION to FINAL
2025-06-01 16:40:00,369 - INFO - Finalizing data processing...
2025-06-01 16:40:01,684 - INFO - Processed data saved to C:\Users\mhmtm\Desktop\project\Project\master\app/static/temp\processed_data.csv
2025-06-01 16:40:01,685 - INFO - Transitioning from FINAL to COMPLETE
2025-06-01 16:40:01,685 - INFO - State machine finished. No further processing.
2025-06-01 16:40:16,440 - INFO - State Machine initialized. Mode: visualize_only, Save Path: C:\Users\mhmtm\Desktop\project\Project\master\app/static/temp\processed_data.csv
2025-06-01 16:40:16,440 - INFO - Loading data...
2025-06-01 16:40:16,440 - INFO - Transitioning from INITIAL to VISUALIZATION
2025-06-01 16:40:16,440 - INFO - Entering VISUALIZATION state...
2025-06-01 16:40:17,461 - INFO - Transitioning from VISUALIZATION to FINAL
2025-06-01 16:40:17,461 - INFO - Finalizing data processing...
2025-06-01 16:40:18,488 - INFO - Processed data saved to C:\Users\mhmtm\Desktop\project\Project\master\app/static/temp\processed_data.csv
2025-06-01 16:40:18,488 - INFO - Transitioning from FINAL to COMPLETE
2025-06-01 16:40:18,488 - INFO - State machine finished. No further processing.
2025-06-01 16:40:42,487 - INFO - State Machine initialized. Mode: visualize_only, Save Path: C:\Users\mhmtm\Desktop\project\Project\master\app/static/temp\processed_data.csv
2025-06-01 16:40:42,487 - INFO - Loading data...
2025-06-01 16:40:42,487 - INFO - Transitioning from INITIAL to VISUALIZATION
2025-06-01 16:40:42,487 - INFO - Entering VISUALIZATION state...
2025-06-01 16:40:43,300 - INFO - Transitioning from VISUALIZATION to FINAL
2025-06-01 16:40:43,300 - INFO - Finalizing data processing...
2025-06-01 16:40:44,484 - INFO - Processed data saved to C:\Users\mhmtm\Desktop\project\Project\master\app/static/temp\processed_data.csv
2025-06-01 16:40:44,484 - INFO - Transitioning from FINAL to COMPLETE
2025-06-01 16:40:44,484 - INFO - State machine finished. No further processing.
