2025-06-11 19:36:32,481 - INFO - State Machine initialized. Mode: visualize_only, Save Path: C:\Users\mhmtm\Desktop\project\Project\master\app/static/temp\processed_data.csv
2025-06-11 19:36:32,481 - INFO - Loading data...
2025-06-11 19:36:32,481 - INFO - Transitioning from INITIAL to VISUALIZATION
2025-06-11 19:36:32,481 - INFO - Entering VISUALIZATION state...
2025-06-11 19:36:32,750 - INFO - Transitioning from VISUALIZATION to FINAL
2025-06-11 19:36:32,751 - INFO - Finalizing data processing...
2025-06-11 19:36:33,919 - INFO - Processed data saved to C:\Users\mhmtm\Desktop\project\Project\master\app/static/temp\processed_data.csv
2025-06-11 19:36:33,919 - INFO - Transitioning from FINAL to COMPLETE
2025-06-11 19:36:33,920 - INFO - State machine finished. No further processing.
2025-06-11 19:37:12,362 - INFO - State Machine initialized. Mode: visualize_only, Save Path: C:\Users\mhmtm\Desktop\project\Project\master\app/static/temp\processed_data.csv
2025-06-11 19:37:12,363 - INFO - Loading data...
2025-06-11 19:37:12,363 - INFO - Transitioning from INITIAL to VISUALIZATION
2025-06-11 19:37:12,363 - INFO - Entering VISUALIZATION state...
2025-06-11 19:37:12,404 - INFO - Transitioning from VISUALIZATION to FINAL
2025-06-11 19:37:12,404 - INFO - Finalizing data processing...
2025-06-11 19:37:13,486 - INFO - Processed data saved to C:\Users\mhmtm\Desktop\project\Project\master\app/static/temp\processed_data.csv
2025-06-11 19:37:13,486 - INFO - Transitioning from FINAL to COMPLETE
2025-06-11 19:37:13,486 - INFO - State machine finished. No further processing.
2025-06-11 19:37:49,584 - INFO - State Machine initialized. Mode: visualize_only, Save Path: C:\Users\mhmtm\Desktop\project\Project\master\app/static/temp\processed_data.csv
2025-06-11 19:37:49,584 - INFO - Loading data...
2025-06-11 19:37:49,584 - INFO - Transitioning from INITIAL to VISUALIZATION
2025-06-11 19:37:49,584 - INFO - Entering VISUALIZATION state...
2025-06-11 19:37:49,617 - INFO - Transitioning from VISUALIZATION to FINAL
2025-06-11 19:37:49,618 - INFO - Finalizing data processing...
2025-06-11 19:37:50,758 - INFO - Processed data saved to C:\Users\mhmtm\Desktop\project\Project\master\app/static/temp\processed_data.csv
2025-06-11 19:37:50,758 - INFO - Transitioning from FINAL to COMPLETE
2025-06-11 19:37:50,758 - INFO - State machine finished. No further processing.
2025-06-11 19:38:44,524 - INFO - State Machine initialized. Mode: visualize_only, Save Path: C:\Users\mhmtm\Desktop\project\Project\master\app/static/temp\processed_data.csv
2025-06-11 19:38:44,525 - INFO - Loading data...
2025-06-11 19:38:44,525 - INFO - Transitioning from INITIAL to VISUALIZATION
2025-06-11 19:38:44,525 - INFO - Entering VISUALIZATION state...
2025-06-11 19:38:44,764 - INFO - Transitioning from VISUALIZATION to FINAL
2025-06-11 19:38:44,764 - INFO - Finalizing data processing...
2025-06-11 19:38:45,941 - INFO - Processed data saved to C:\Users\mhmtm\Desktop\project\Project\master\app/static/temp\processed_data.csv
2025-06-11 19:38:45,942 - INFO - Transitioning from FINAL to COMPLETE
2025-06-11 19:38:45,942 - INFO - State machine finished. No further processing.
2025-06-11 19:39:20,682 - INFO - State Machine initialized. Mode: visualize_only, Save Path: C:\Users\mhmtm\Desktop\project\Project\master\app/static/temp\processed_data.csv
2025-06-11 19:39:20,682 - INFO - Loading data...
2025-06-11 19:39:20,682 - INFO - Transitioning from INITIAL to VISUALIZATION
2025-06-11 19:39:20,682 - INFO - Entering VISUALIZATION state...
2025-06-11 19:39:20,718 - INFO - Transitioning from VISUALIZATION to FINAL
2025-06-11 19:39:20,719 - INFO - Finalizing data processing...
2025-06-11 19:39:21,820 - INFO - Processed data saved to C:\Users\mhmtm\Desktop\project\Project\master\app/static/temp\processed_data.csv
2025-06-11 19:39:21,820 - INFO - Transitioning from FINAL to COMPLETE
2025-06-11 19:39:21,820 - INFO - State machine finished. No further processing.
2025-06-11 19:40:08,289 - INFO - State Machine initialized. Mode: visualize_only, Save Path: C:\Users\mhmtm\Desktop\project\Project\master\app/static/temp\processed_data.csv
2025-06-11 19:40:08,290 - INFO - Loading data...
2025-06-11 19:40:08,290 - INFO - Transitioning from INITIAL to VISUALIZATION
2025-06-11 19:40:08,290 - INFO - Entering VISUALIZATION state...
2025-06-11 19:40:13,332 - INFO - Transitioning from VISUALIZATION to FINAL
2025-06-11 19:40:13,332 - INFO - Finalizing data processing...
2025-06-11 19:40:13,340 - INFO - Processed data saved to C:\Users\mhmtm\Desktop\project\Project\master\app/static/temp\processed_data.csv
2025-06-11 19:40:13,340 - INFO - Transitioning from FINAL to COMPLETE
2025-06-11 19:40:13,341 - INFO - State machine finished. No further processing.
2025-06-11 20:07:24,801 - INFO - State Machine initialized. Mode: visualize_only, Save Path: C:\Users\mhmtm\Desktop\project\Project\master\app/static/temp\processed_data.csv
2025-06-11 20:07:24,802 - INFO - Loading data...
2025-06-11 20:07:24,802 - INFO - Transitioning from INITIAL to VISUALIZATION
2025-06-11 20:07:24,802 - INFO - Entering VISUALIZATION state...
2025-06-11 20:07:25,079 - INFO - Transitioning from VISUALIZATION to FINAL
2025-06-11 20:07:25,079 - INFO - Finalizing data processing...
2025-06-11 20:07:25,097 - INFO - Processed data saved to C:\Users\mhmtm\Desktop\project\Project\master\app/static/temp\processed_data.csv
2025-06-11 20:07:25,097 - INFO - Transitioning from FINAL to COMPLETE
2025-06-11 20:07:25,097 - INFO - State machine finished. No further processing.
2025-06-11 20:07:27,787 - INFO - State Machine initialized. Mode: visualize_only, Save Path: C:\Users\mhmtm\Desktop\project\Project\master\app/static/temp\processed_data.csv
2025-06-11 20:07:27,788 - INFO - Loading data...
2025-06-11 20:07:27,789 - INFO - Transitioning from INITIAL to VISUALIZATION
2025-06-11 20:07:27,793 - INFO - Entering VISUALIZATION state...
2025-06-11 20:07:28,038 - INFO - Transitioning from VISUALIZATION to FINAL
2025-06-11 20:07:28,038 - INFO - Finalizing data processing...
2025-06-11 20:07:28,050 - INFO - Processed data saved to C:\Users\mhmtm\Desktop\project\Project\master\app/static/temp\processed_data.csv
2025-06-11 20:07:28,051 - INFO - Transitioning from FINAL to COMPLETE
2025-06-11 20:07:28,051 - INFO - State machine finished. No further processing.
2025-06-11 20:37:39,005 - INFO - State Machine initialized. Mode: visualize_only, Save Path: C:\Users\mhmtm\Desktop\project\Project\master\app/static/temp\processed_data.csv
2025-06-11 20:37:39,007 - INFO - Loading data...
2025-06-11 20:37:39,007 - INFO - Transitioning from INITIAL to VISUALIZATION
2025-06-11 20:37:39,007 - INFO - Entering VISUALIZATION state...
2025-06-11 20:37:40,299 - INFO - Transitioning from VISUALIZATION to FINAL
2025-06-11 20:37:40,299 - INFO - Finalizing data processing...
2025-06-11 20:37:41,534 - INFO - Processed data saved to C:\Users\mhmtm\Desktop\project\Project\master\app/static/temp\processed_data.csv
2025-06-11 20:37:41,534 - INFO - Transitioning from FINAL to COMPLETE
2025-06-11 20:37:41,534 - INFO - State machine finished. No further processing.
2025-06-11 20:37:55,516 - INFO - State Machine initialized. Mode: visualize_only, Save Path: C:\Users\mhmtm\Desktop\project\Project\master\app/static/temp\processed_data.csv
2025-06-11 20:37:55,517 - INFO - Loading data...
2025-06-11 20:37:55,517 - INFO - Transitioning from INITIAL to VISUALIZATION
2025-06-11 20:37:55,517 - INFO - Entering VISUALIZATION state...
2025-06-11 20:37:56,398 - INFO - Transitioning from VISUALIZATION to FINAL
2025-06-11 20:37:56,398 - INFO - Finalizing data processing...
2025-06-11 20:37:57,428 - INFO - Processed data saved to C:\Users\mhmtm\Desktop\project\Project\master\app/static/temp\processed_data.csv
2025-06-11 20:37:57,428 - INFO - Transitioning from FINAL to COMPLETE
2025-06-11 20:37:57,428 - INFO - State machine finished. No further processing.
2025-06-11 20:38:23,393 - INFO - State Machine initialized. Mode: full_manual, Save Path: C:\Users\mhmtm\Desktop\project\Project\master\app/static/temp\processed_data.csv
2025-06-11 20:38:23,394 - INFO - Loading data...
2025-06-11 20:38:23,394 - INFO - Transitioning from INITIAL to CLEANING
2025-06-11 20:38:23,394 - INFO - Performing data cleaning...
2025-06-11 20:38:24,091 - INFO - Transitioning from CLEANING to MANIPULATION
2025-06-11 20:38:24,092 - INFO - Performing data manipulation...
2025-06-11 20:38:24,500 - INFO - Transitioning from MANIPULATION to AUGMENTATION
2025-06-11 20:38:24,501 - INFO - Performing data augmentation...
2025-06-11 20:38:24,501 - INFO - Transitioning from AUGMENTATION to VISUALIZATION
2025-06-11 20:38:24,501 - INFO - Entering VISUALIZATION state...
2025-06-11 20:38:25,185 - INFO - Transitioning from VISUALIZATION to FINAL
2025-06-11 20:38:25,186 - INFO - Finalizing data processing...
2025-06-11 20:38:26,065 - INFO - Processed data saved to C:\Users\mhmtm\Desktop\project\Project\master\app/static/temp\processed_data.csv
2025-06-11 20:38:26,065 - INFO - Transitioning from FINAL to COMPLETE
2025-06-11 20:38:26,065 - INFO - State machine finished. No further processing.
2025-06-11 20:38:43,100 - INFO - State Machine initialized. Mode: full_manual, Save Path: C:\Users\mhmtm\Desktop\project\Project\master\app/static/temp\processed_data.csv
2025-06-11 20:38:43,101 - INFO - Loading data...
2025-06-11 20:38:43,101 - INFO - Transitioning from INITIAL to CLEANING
2025-06-11 20:38:43,101 - INFO - Performing data cleaning...
2025-06-11 20:38:43,955 - INFO - Transitioning from CLEANING to MANIPULATION
2025-06-11 20:38:43,955 - INFO - Performing data manipulation...
2025-06-11 20:38:44,390 - INFO - Transitioning from MANIPULATION to AUGMENTATION
2025-06-11 20:38:44,390 - INFO - Performing data augmentation...
2025-06-11 20:38:44,390 - INFO - Transitioning from AUGMENTATION to VISUALIZATION
2025-06-11 20:38:44,390 - INFO - Entering VISUALIZATION state...
2025-06-11 20:38:45,079 - INFO - Transitioning from VISUALIZATION to FINAL
2025-06-11 20:38:45,079 - INFO - Finalizing data processing...
2025-06-11 20:38:46,104 - INFO - Processed data saved to C:\Users\mhmtm\Desktop\project\Project\master\app/static/temp\processed_data.csv
2025-06-11 20:38:46,105 - INFO - Transitioning from FINAL to COMPLETE
2025-06-11 20:38:46,105 - INFO - State machine finished. No further processing.
